CRITICAL - 2024-08-20 05:55:34 --> Error: Class "app\Models\UserModel" not found
[Method: GET, Route: /]
in APPPATH\Controllers\Home.php on line 11.
 1 SYSTEMPATH\CodeIgniter.php(933): App\Controllers\Home->index()
 2 SYSTEMPATH\CodeIgniter.php(509): CodeIgniter\CodeIgniter->runController(Object(App\Controllers\Home))
 3 SYSTEMPATH\CodeIgniter.php(355): CodeIgniter\CodeIgniter->handleRequest(null, Object(Config\Cache), false)
 4 SYSTEMPATH\Boot.php(325): CodeIgniter\CodeIgniter->run()
 5 SYSTEMPATH\Boot.php(67): CodeIgniter\Boot::runCodeIgniter(Object(CodeIgniter\CodeIgniter))
 6 FCPATH\index.php(56): CodeIgniter\Boot::bootWeb(Object(Config\Paths))
 7 SYSTEMPATH\rewrite.php(44): require_once('E:\\laragon\\www\\_CI\\public\\index.php')
CRITICAL - 2024-08-20 05:56:27 --> Error: Class "app\Models\UserModel" not found
[Method: GET, Route: /]
in APPPATH\Controllers\Home.php on line 11.
 1 SYSTEMPATH\CodeIgniter.php(933): App\Controllers\Home->index()
 2 SYSTEMPATH\CodeIgniter.php(509): CodeIgniter\CodeIgniter->runController(Object(App\Controllers\Home))
 3 SYSTEMPATH\CodeIgniter.php(355): CodeIgniter\CodeIgniter->handleRequest(null, Object(Config\Cache), false)
 4 SYSTEMPATH\Boot.php(325): CodeIgniter\CodeIgniter->run()
 5 SYSTEMPATH\Boot.php(67): CodeIgniter\Boot::runCodeIgniter(Object(CodeIgniter\CodeIgniter))
 6 FCPATH\index.php(56): CodeIgniter\Boot::bootWeb(Object(Config\Paths))
 7 SYSTEMPATH\rewrite.php(44): require_once('E:\\laragon\\www\\_CI\\public\\index.php')
CRITICAL - 2024-08-20 05:59:37 --> Error: Class "app\Models\UserModel" not found
[Method: GET, Route: /]
in APPPATH\Controllers\Home.php on line 11.
 1 SYSTEMPATH\CodeIgniter.php(933): App\Controllers\Home->index()
 2 SYSTEMPATH\CodeIgniter.php(509): CodeIgniter\CodeIgniter->runController(Object(App\Controllers\Home))
 3 SYSTEMPATH\CodeIgniter.php(355): CodeIgniter\CodeIgniter->handleRequest(null, Object(Config\Cache), false)
 4 SYSTEMPATH\Boot.php(325): CodeIgniter\CodeIgniter->run()
 5 SYSTEMPATH\Boot.php(67): CodeIgniter\Boot::runCodeIgniter(Object(CodeIgniter\CodeIgniter))
 6 FCPATH\index.php(56): CodeIgniter\Boot::bootWeb(Object(Config\Paths))
 7 SYSTEMPATH\rewrite.php(44): require_once('E:\\laragon\\www\\_CI\\public\\index.php')
CRITICAL - 2024-08-20 06:01:07 --> Error: Class "app\Models\UserModel" not found
[Method: GET, Route: /]
in APPPATH\Controllers\Home.php on line 11.
 1 SYSTEMPATH\CodeIgniter.php(933): App\Controllers\Home->index()
 2 SYSTEMPATH\CodeIgniter.php(509): CodeIgniter\CodeIgniter->runController(Object(App\Controllers\Home))
 3 SYSTEMPATH\CodeIgniter.php(355): CodeIgniter\CodeIgniter->handleRequest(null, Object(Config\Cache), false)
 4 SYSTEMPATH\Boot.php(325): CodeIgniter\CodeIgniter->run()
 5 SYSTEMPATH\Boot.php(67): CodeIgniter\Boot::runCodeIgniter(Object(CodeIgniter\CodeIgniter))
 6 FCPATH\index.php(56): CodeIgniter\Boot::bootWeb(Object(Config\Paths))
 7 SYSTEMPATH\rewrite.php(44): require_once('E:\\laragon\\www\\_CI\\public\\index.php')
CRITICAL - 2024-08-20 06:03:40 --> Error: Class "app\Models\UserModel" not found
[Method: GET, Route: /]
in APPPATH\Controllers\Home.php on line 11.
 1 SYSTEMPATH\CodeIgniter.php(933): App\Controllers\Home->index()
 2 SYSTEMPATH\CodeIgniter.php(509): CodeIgniter\CodeIgniter->runController(Object(App\Controllers\Home))
 3 SYSTEMPATH\CodeIgniter.php(355): CodeIgniter\CodeIgniter->handleRequest(null, Object(Config\Cache), false)
 4 SYSTEMPATH\Boot.php(325): CodeIgniter\CodeIgniter->run()
 5 SYSTEMPATH\Boot.php(67): CodeIgniter\Boot::runCodeIgniter(Object(CodeIgniter\CodeIgniter))
 6 FCPATH\index.php(56): CodeIgniter\Boot::bootWeb(Object(Config\Paths))
 7 SYSTEMPATH\rewrite.php(44): require_once('E:\\laragon\\www\\_CI\\public\\index.php')
CRITICAL - 2024-08-20 06:04:09 --> ErrorException: Undefined variable $User
[Method: GET, Route: /]
in APPPATH\Views\liste.php on line 10.
 1 APPPATH\Views\liste.php(10): CodeIgniter\Debug\Exceptions->errorHandler(2, 'Undefined variable $User', 'E:\\laragon\\www\\_CI\\app\\Views\\liste.php', 10)
 2 SYSTEMPATH\View\View.php(234): include('E:\\laragon\\www\\_CI\\app\\Views\\liste.php')
 3 SYSTEMPATH\View\View.php(237): CodeIgniter\View\View->CodeIgniter\View\{closure}()
 4 SYSTEMPATH\Common.php(1171): CodeIgniter\View\View->render('liste', [], true)
 5 APPPATH\Controllers\Home.php(13): view('liste', [...])
 6 SYSTEMPATH\CodeIgniter.php(933): App\Controllers\Home->index()
 7 SYSTEMPATH\CodeIgniter.php(509): CodeIgniter\CodeIgniter->runController(Object(App\Controllers\Home))
 8 SYSTEMPATH\CodeIgniter.php(355): CodeIgniter\CodeIgniter->handleRequest(null, Object(Config\Cache), false)
 9 SYSTEMPATH\Boot.php(325): CodeIgniter\CodeIgniter->run()
10 SYSTEMPATH\Boot.php(67): CodeIgniter\Boot::runCodeIgniter(Object(CodeIgniter\CodeIgniter))
11 FCPATH\index.php(56): CodeIgniter\Boot::bootWeb(Object(Config\Paths))
12 SYSTEMPATH\rewrite.php(44): require_once('E:\\laragon\\www\\_CI\\public\\index.php')
ERROR - 2024-08-20 13:01:05 --> Error connecting to the database: mysqli_sql_exception: Aucune connexion n’a pu être établie car l’ordinateur cible l’a expressément refusée in E:\laragon\www\_CI\system\Database\MySQLi\Connection.php:187
Stack trace:
#0 E:\laragon\www\_CI\system\Database\MySQLi\Connection.php(187): mysqli->real_connect('localhost', 'root', '', 'ci4', 3306, '', 0)
#1 E:\laragon\www\_CI\system\Database\BaseConnection.php(421): CodeIgniter\Database\MySQLi\Connection->connect(false)
#2 E:\laragon\www\_CI\system\Database\BaseConnection.php(616): CodeIgniter\Database\BaseConnection->initialize()
#3 E:\laragon\www\_CI\system\Database\BaseBuilder.php(1636): CodeIgniter\Database\BaseConnection->query('SELECT *\nFROM `...', Array, false)
#4 E:\laragon\www\_CI\system\Model.php(286): CodeIgniter\Database\BaseBuilder->get()
#5 E:\laragon\www\_CI\system\BaseModel.php(676): CodeIgniter\Model->doFindAll(0, 0)
#6 E:\laragon\www\_CI\app\Controllers\Home.php(12): CodeIgniter\BaseModel->findAll()
#7 E:\laragon\www\_CI\system\CodeIgniter.php(933): App\Controllers\Home->index()
#8 E:\laragon\www\_CI\system\CodeIgniter.php(509): CodeIgniter\CodeIgniter->runController(Object(App\Controllers\Home))
#9 E:\laragon\www\_CI\system\CodeIgniter.php(355): CodeIgniter\CodeIgniter->handleRequest(NULL, Object(Config\Cache), false)
#10 E:\laragon\www\_CI\system\Boot.php(325): CodeIgniter\CodeIgniter->run()
#11 E:\laragon\www\_CI\system\Boot.php(67): CodeIgniter\Boot::runCodeIgniter(Object(CodeIgniter\CodeIgniter))
#12 E:\laragon\www\_CI\public\index.php(56): CodeIgniter\Boot::bootWeb(Object(Config\Paths))
#13 E:\laragon\www\_CI\system\rewrite.php(44): require_once('E:\\laragon\\www\\...')
#14 {main}

Next CodeIgniter\Database\Exceptions\DatabaseException: Aucune connexion n’a pu être établie car l’ordinateur cible l’a expressément refusée in E:\laragon\www\_CI\system\Database\MySQLi\Connection.php:231
Stack trace:
#0 E:\laragon\www\_CI\system\Database\BaseConnection.php(421): CodeIgniter\Database\MySQLi\Connection->connect(false)
#1 E:\laragon\www\_CI\system\Database\BaseConnection.php(616): CodeIgniter\Database\BaseConnection->initialize()
#2 E:\laragon\www\_CI\system\Database\BaseBuilder.php(1636): CodeIgniter\Database\BaseConnection->query('SELECT *\nFROM `...', Array, false)
#3 E:\laragon\www\_CI\system\Model.php(286): CodeIgniter\Database\BaseBuilder->get()
#4 E:\laragon\www\_CI\system\BaseModel.php(676): CodeIgniter\Model->doFindAll(0, 0)
#5 E:\laragon\www\_CI\app\Controllers\Home.php(12): CodeIgniter\BaseModel->findAll()
#6 E:\laragon\www\_CI\system\CodeIgniter.php(933): App\Controllers\Home->index()
#7 E:\laragon\www\_CI\system\CodeIgniter.php(509): CodeIgniter\CodeIgniter->runController(Object(App\Controllers\Home))
#8 E:\laragon\www\_CI\system\CodeIgniter.php(355): CodeIgniter\CodeIgniter->handleRequest(NULL, Object(Config\Cache), false)
#9 E:\laragon\www\_CI\system\Boot.php(325): CodeIgniter\CodeIgniter->run()
#10 E:\laragon\www\_CI\system\Boot.php(67): CodeIgniter\Boot::runCodeIgniter(Object(CodeIgniter\CodeIgniter))
#11 E:\laragon\www\_CI\public\index.php(56): CodeIgniter\Boot::bootWeb(Object(Config\Paths))
#12 E:\laragon\www\_CI\system\rewrite.php(44): require_once('E:\\laragon\\www\\...')
#13 {main}
CRITICAL - 2024-08-20 13:01:05 --> CodeIgniter\Database\Exceptions\DatabaseException: Unable to connect to the database.
Main connection [MySQLi]: Aucune connexion n’a pu être établie car l’ordinateur cible l’a expressément refusée
[Method: GET, Route: /]
in SYSTEMPATH\Database\BaseConnection.php on line 467.
 1 SYSTEMPATH\Database\BaseConnection.php(616): CodeIgniter\Database\BaseConnection->initialize()
 2 SYSTEMPATH\Database\BaseBuilder.php(1636): CodeIgniter\Database\BaseConnection->query('SELECT *
FROM `user`', [], false)
 3 SYSTEMPATH\Model.php(286): CodeIgniter\Database\BaseBuilder->get()
 4 SYSTEMPATH\BaseModel.php(676): CodeIgniter\Model->doFindAll(0, 0)
 5 APPPATH\Controllers\Home.php(12): CodeIgniter\BaseModel->findAll()
 6 SYSTEMPATH\CodeIgniter.php(933): App\Controllers\Home->index()
 7 SYSTEMPATH\CodeIgniter.php(509): CodeIgniter\CodeIgniter->runController(Object(App\Controllers\Home))
 8 SYSTEMPATH\CodeIgniter.php(355): CodeIgniter\CodeIgniter->handleRequest(null, Object(Config\Cache), false)
 9 SYSTEMPATH\Boot.php(325): CodeIgniter\CodeIgniter->run()
10 SYSTEMPATH\Boot.php(67): CodeIgniter\Boot::runCodeIgniter(Object(CodeIgniter\CodeIgniter))
11 FCPATH\index.php(56): CodeIgniter\Boot::bootWeb(Object(Config\Paths))
12 SYSTEMPATH\rewrite.php(44): require_once('E:\\laragon\\www\\_CI\\public\\index.php')
CRITICAL - 2024-08-20 13:10:20 --> CodeIgniter\View\Exceptions\ViewException: Invalid file: "creation.php"
[Method: GET, Route: create.php]
in SYSTEMPATH\Exceptions\FrameworkException.php on line 41.
 1 SYSTEMPATH\View\View.php(222): CodeIgniter\Exceptions\FrameworkException::forInvalidFile('creation.php')
 2 SYSTEMPATH\Common.php(1171): CodeIgniter\View\View->render('creation', [], true)
 3 APPPATH\Controllers\Home.php(24): view('creation')
 4 SYSTEMPATH\CodeIgniter.php(933): App\Controllers\Home->create()
 5 SYSTEMPATH\CodeIgniter.php(509): CodeIgniter\CodeIgniter->runController(Object(App\Controllers\Home))
 6 SYSTEMPATH\CodeIgniter.php(355): CodeIgniter\CodeIgniter->handleRequest(null, Object(Config\Cache), false)
 7 SYSTEMPATH\Boot.php(325): CodeIgniter\CodeIgniter->run()
 8 SYSTEMPATH\Boot.php(67): CodeIgniter\Boot::runCodeIgniter(Object(CodeIgniter\CodeIgniter))
 9 FCPATH\index.php(56): CodeIgniter\Boot::bootWeb(Object(Config\Paths))
10 SYSTEMPATH\rewrite.php(44): require_once('E:\\laragon\\www\\_CI\\public\\index.php')
CRITICAL - 2024-08-20 13:41:15 --> CodeIgniter\Database\Exceptions\DatabaseException: Deletes are not allowed unless they contain a "where" or "like" clause.
[Method: GET, Route: delete/0]
in SYSTEMPATH\Database\BaseBuilder.php on line 2806.
 1 SYSTEMPATH\Model.php(521): CodeIgniter\Database\BaseBuilder->delete()
 2 SYSTEMPATH\BaseModel.php(1158): CodeIgniter\Model->doDelete('0', false)
 3 APPPATH\Controllers\Home.php(43): CodeIgniter\BaseModel->delete('0')
 4 SYSTEMPATH\CodeIgniter.php(933): App\Controllers\Home->delete('0')
 5 SYSTEMPATH\CodeIgniter.php(509): CodeIgniter\CodeIgniter->runController(Object(App\Controllers\Home))
 6 SYSTEMPATH\CodeIgniter.php(355): CodeIgniter\CodeIgniter->handleRequest(null, Object(Config\Cache), false)
 7 SYSTEMPATH\Boot.php(325): CodeIgniter\CodeIgniter->run()
 8 SYSTEMPATH\Boot.php(67): CodeIgniter\Boot::runCodeIgniter(Object(CodeIgniter\CodeIgniter))
 9 FCPATH\index.php(56): CodeIgniter\Boot::bootWeb(Object(Config\Paths))
10 SYSTEMPATH\rewrite.php(44): require_once('E:\\laragon\\www\\_CI\\public\\index.php')
